0 info it worked if it ends with ok
1 verbose cli [ 'node', '/usr/local/bin/npm', 'install', 'logplex' ]
2 info using npm@1.4.3
3 info using node@v0.10.26
4 warn package.json cdjsocketio@0.0.1 No repository field.
5 warn package.json cdjsocketio@0.0.1 No README data
6 verbose readDependencies using package.json deps
7 verbose cache add [ 'logplex', null ]
8 verbose cache add name=undefined spec="logplex" args=["logplex",null]
9 verbose parsed url { protocol: null,
9 verbose parsed url   slashes: null,
9 verbose parsed url   auth: null,
9 verbose parsed url   host: null,
9 verbose parsed url   port: null,
9 verbose parsed url   hostname: null,
9 verbose parsed url   hash: null,
9 verbose parsed url   search: null,
9 verbose parsed url   query: null,
9 verbose parsed url   pathname: 'logplex',
9 verbose parsed url   path: 'logplex',
9 verbose parsed url   href: 'logplex' }
10 silly lockFile 8b61537c-logplex logplex
11 verbose lock logplex /Users/mattga/.npm/8b61537c-logplex.lock
12 silly lockFile 8b61537c-logplex logplex
13 silly lockFile 8b61537c-logplex logplex
14 verbose addNamed [ 'logplex', '' ]
15 verbose addNamed [ null, '*' ]
16 silly lockFile ff5c2f91-logplex logplex@
17 verbose lock logplex@ /Users/mattga/.npm/ff5c2f91-logplex.lock
18 silly addNameRange { name: 'logplex', range: '*', hasData: false }
19 verbose url raw logplex
20 verbose url resolving [ 'https://registry.npmjs.org/', './logplex' ]
21 verbose url resolved https://registry.npmjs.org/logplex
22 info trying registry request attempt 1 at 01:04:55
23 http GET https://registry.npmjs.org/logplex
24 http 404 https://registry.npmjs.org/logplex
25 silly registry.get cb [ 404,
25 silly registry.get   { server: 'CouchDB/1.5.0 (Erlang OTP/R16B03)',
25 silly registry.get     'content-type': 'application/json',
25 silly registry.get     'cache-control': 'max-age=0',
25 silly registry.get     'content-length': '51',
25 silly registry.get     'accept-ranges': 'bytes',
25 silly registry.get     date: 'Thu, 14 May 2015 06:04:55 GMT',
25 silly registry.get     via: '1.1 varnish',
25 silly registry.get     age: '0',
25 silly registry.get     connection: 'keep-alive',
25 silly registry.get     'x-served-by': 'cache-ord1731-ORD',
25 silly registry.get     'x-cache': 'MISS',
25 silly registry.get     'x-cache-hits': '0',
25 silly registry.get     'x-timer': 'S1431583495.730262,VS0,VE157' } ]
26 silly lockFile ff5c2f91-logplex logplex@
27 silly lockFile ff5c2f91-logplex logplex@
28 error 404 'logplex' is not in the npm registry.
28 error 404 You should bug the author to publish it
28 error 404 It was specified as a dependency of 'cdjsocketio'
28 error 404
28 error 404 Note that you can also install from a
28 error 404 tarball, folder, or http url, or git url.
29 error System Darwin 14.3.0
30 error command "node" "/usr/local/bin/npm" "install" "logplex"
31 error cwd /Users/mattga/Documents/cdjsocketio
32 error node -v v0.10.26
33 error npm -v 1.4.3
34 error code E404
35 verbose exit [ 1, true ]
